<?xml version="1.0" encoding="UTF-8"?>
<!-- Generated by org.testng.reporters.JUnitReportReporter -->
<testsuite hostname="Sudhakars-MBP.tx.rr.com" failures="0" tests="4" name="smoketests.CucumberRunnerTest" time="1.055" errors="0" timestamp="2021-09-22T18:32:48 CDT" skipped="0">
  <testcase classname="smoketests.CucumberRunnerTest" name="runScenario" time="0.366"/>
  <system-out/>
  <testcase classname="smoketests.CucumberRunnerTest" name="runScenario" time="0.117"/>
  <system-out/>
  <testcase classname="smoketests.CucumberRunnerTest" name="runScenario" time="0.372"/>
  <system-out/>
  <testcase classname="smoketests.CucumberRunnerTest" name="runScenario" time="0.200"/>
  <system-out/>
</testsuite> <!-- smoketests.CucumberRunnerTest -->
