<?xml version="1.0" encoding="UTF-8"?>
<!-- Generated by org.testng.reporters.JUnitReportReporter -->
<testsuite hostname="Sudhakars-MBP.tx.rr.com" failures="0" tests="5" name="smoketests.FirstAPITest" time="1.514" errors="0" timestamp="2021-09-22T18:32:48 CDT" skipped="0">
  <testcase classname="smoketests.FirstAPITest" name="getCallListUser" time="0.096"/>
  <system-out/>
  <testcase classname="smoketests.FirstAPITest" name="getCall" time="0.110"/>
  <system-out/>
  <testcase classname="smoketests.FirstAPITest" name="postCall" time="0.488"/>
  <system-out/>
  <testcase classname="smoketests.FirstAPITest" name="putCall" time="0.414"/>
  <system-out/>
  <testcase classname="smoketests.FirstAPITest" name="deleteCall" time="0.406"/>
  <system-out/>
</testsuite> <!-- smoketests.FirstAPITest -->
