<?xml version="1.0" encoding="UTF-8"?>
<!-- Generated by org.testng.reporters.JUnitReportReporter -->
<testsuite hostname="Sudhakars-MBP.tx.rr.com" failures="0" tests="1" name="gmailAPI.GmailAPITest" time="0.961" errors="0" timestamp="2021-09-22T18:32:48 CDT" skipped="0">
  <testcase classname="gmailAPI.GmailAPITest" name="gmailAPITest" time="0.961"/>
  <system-out/>
</testsuite> <!-- gmailAPI.GmailAPITest -->
